Build started 3/18/2012 5:13:10 PM.
     1>Project "c:\Users\mitchell\documents\visual studio 2010\Projects\NESEmulator\NESEmulator\NESEmulator.vcxproj" on node 2 (build target(s)).
     1>InitializeBuildStatus:
         Touching "Debug\NESEmulator.unsuccessfulbuild".
       ClCompile:
         All outputs are up-to-date.
         G:\Programs\Visual Studio 10\VC\bin\CL.exe /c /ZI /nologo /W3 /WX- /Od /Oy- /D WIN32 /D _DEBUG /D _CONSOLE /D _UNICODE /D UNICODE /Gm /EHsc /RTC1 /MDd /GS /fp:precise /Zc:wchar_t /Zc:forScope /Yu"StdAfx.h" /Fp"Debug\NESEmulator.pch" /Fo"Debug\\" /Fd"Debug\vc100.pdb" /Gd /TP /analyze- /errorReport:prompt CpuState.cpp NESEmulator.cpp
         NESEmulator.cpp
         CpuState.cpp
         Generating Code...
       ManifestResourceCompile:
         All outputs are up-to-date.
       Link:
         G:\Programs\Visual Studio 10\VC\bin\link.exe /ERRORREPORT:PROMPT /OUT:"c:\users\mitchell\documents\visual studio 2010\Projects\NESEmulator\Debug\NESEmulator.exe" /INCREMENTAL /NOLOGO kernel32.lib user32.lib gdi32.lib winspool.lib comdlg32.lib advapi32.lib shell32.lib ole32.lib oleaut32.lib uuid.lib odbc32.lib odbccp32.lib /MANIFEST /ManifestFile:"Debug\NESEmulator.exe.intermediate.manifest" /MANIFESTUAC:"level='asInvoker' uiAccess='false'" /DEBUG /PDB:"c:\users\mitchell\documents\visual studio 2010\Projects\NESEmulator\Debug\NESEmulator.pdb" /SUBSYSTEM:CONSOLE /TLBID:1 /DYNAMICBASE /NXCOMPAT /IMPLIB:"c:\users\mitchell\documents\visual studio 2010\Projects\NESEmulator\Debug\NESEmulator.lib" /MACHINE:X86 Debug\NESEmulator.exe.embed.manifest.res
         Debug\CpuArithmetic.obj
         Debug\CpuRegisters.obj
         Debug\CpuState.obj
         Debug\MemoryState.obj
         Debug\NESEmulator.obj
         Debug\stdafx.obj
       Manifest:
         C:\Program Files (x86)\Microsoft SDKs\Windows\v7.0A\bin\mt.exe /nologo /verbose /out:"Debug\NESEmulator.exe.embed.manifest" /manifest Debug\NESEmulator.exe.intermediate.manifest
         All outputs are up-to-date.
       LinkEmbedManifest:
         All outputs are up-to-date.
         NESEmulator.vcxproj -> c:\users\mitchell\documents\visual studio 2010\Projects\NESEmulator\Debug\NESEmulator.exe
       FinalizeBuildStatus:
         Deleting file "Debug\NESEmulator.unsuccessfulbuild".
         Touching "Debug\NESEmulator.lastbuildstate".
     1>Done Building Project "c:\Users\mitchell\documents\visual studio 2010\Projects\NESEmulator\NESEmulator\NESEmulator.vcxproj" (build target(s)).

Build succeeded.

Time Elapsed 00:00:01.58
